<?xml version="1.0" encoding="UTF-8"?>
<coverage generated="1732562270937" clover="3.2.0">
  <project timestamp="1732562270937" name="All files">
    <metrics statements="96" coveredstatements="91" conditionals="26" coveredconditionals="22" methods="47" coveredmethods="42" elements="169" coveredelements="155" complexity="0" loc="96" ncloc="96" packages="5" files="7" classes="7"/>
    <package name="hooks">
      <metrics statements="14" coveredstatements="14" conditionals="0" coveredconditionals="0" methods="7" coveredmethods="7"/>
      <file name="useClients.ts" path="E:\Uninorte\Sistemas\10 Sem\Front End\web-fe-react-prj3\src\hooks\useClients.ts">
        <metrics statements="14" coveredstatements="14" conditionals="0" coveredconditionals="0" methods="7" coveredmethods="7"/>
        <line num="1" count="3" type="stmt"/>
        <line num="2" count="3" type="stmt"/>
        <line num="5" count="3" type="stmt"/>
        <line num="6" count="4" type="stmt"/>
        <line num="13" count="3" type="stmt"/>
        <line num="14" count="3" type="stmt"/>
        <line num="15" count="3" type="stmt"/>
        <line num="16" count="1" type="stmt"/>
        <line num="18" count="1" type="stmt"/>
        <line num="24" count="3" type="stmt"/>
        <line num="25" count="2" type="stmt"/>
        <line num="27" count="1" type="stmt"/>
        <line num="33" count="3" type="stmt"/>
        <line num="34" count="2" type="stmt"/>
      </file>
    </package>
    <package name="pages.components">
      <metrics statements="9" coveredstatements="9" conditionals="7" coveredconditionals="6" methods="4" coveredmethods="4"/>
      <file name="actionButtons.tsx" path="E:\Uninorte\Sistemas\10 Sem\Front End\web-fe-react-prj3\src\pages\components\actionButtons.tsx">
        <metrics statements="6" coveredstatements="6" conditionals="6" coveredconditionals="6" methods="3" coveredmethods="3"/>
        <line num="17" count="3" type="stmt"/>
        <line num="18" count="33" type="stmt"/>
        <line num="21" count="71" type="stmt"/>
        <line num="25" count="5" type="stmt"/>
        <line num="26" count="5" type="stmt"/>
        <line num="37" count="3" type="stmt"/>
      </file>
      <file name="columnConfig.tsx" path="E:\Uninorte\Sistemas\10 Sem\Front End\web-fe-react-prj3\src\pages\components\columnConfig.tsx">
        <metrics statements="3" coveredstatements="3" conditionals="1" coveredconditionals="0" methods="1" coveredmethods="1"/>
        <line num="14" count="2" type="cond" truecount="0" falsecount="1"/>
        <line num="15" count="14" type="stmt"/>
        <line num="18" count="2" type="stmt"/>
      </file>
    </package>
    <package name="pages.moduleClients">
      <metrics statements="9" coveredstatements="9" conditionals="0" coveredconditionals="0" methods="2" coveredmethods="2"/>
      <file name="main.tsx" path="E:\Uninorte\Sistemas\10 Sem\Front End\web-fe-react-prj3\src\pages\moduleClients\main.tsx">
        <metrics statements="9" coveredstatements="9" conditionals="0" coveredconditionals="0" methods="2" coveredmethods="2"/>
        <line num="2" count="1" type="stmt"/>
        <line num="3" count="1" type="stmt"/>
        <line num="4" count="1" type="stmt"/>
        <line num="5" count="1" type="stmt"/>
        <line num="7" count="1" type="stmt"/>
        <line num="8" count="2" type="stmt"/>
        <line num="9" count="2" type="stmt"/>
        <line num="13" count="1" type="stmt"/>
        <line num="20" count="1" type="stmt"/>
      </file>
    </package>
    <package name="pages.moduleClients.components">
      <metrics statements="42" coveredstatements="37" conditionals="17" coveredconditionals="15" methods="21" coveredmethods="16"/>
      <file name="clientTable.tsx" path="E:\Uninorte\Sistemas\10 Sem\Front End\web-fe-react-prj3\src\pages\moduleClients\components\clientTable.tsx">
        <metrics statements="42" coveredstatements="37" conditionals="17" coveredconditionals="15" methods="21" coveredmethods="16"/>
        <line num="1" count="2" type="stmt"/>
        <line num="2" count="2" type="stmt"/>
        <line num="4" count="2" type="stmt"/>
        <line num="5" count="2" type="stmt"/>
        <line num="6" count="2" type="stmt"/>
        <line num="7" count="2" type="stmt"/>
        <line num="8" count="2" type="stmt"/>
        <line num="10" count="2" type="stmt"/>
        <line num="11" count="18" type="stmt"/>
        <line num="12" count="18" type="stmt"/>
        <line num="13" count="18" type="stmt"/>
        <line num="14" count="18" type="stmt"/>
        <line num="16" count="18" type="stmt"/>
        <line num="17" count="11" type="cond" truecount="3" falsecount="0"/>
        <line num="18" count="7" type="stmt"/>
        <line num="23" count="18" type="stmt"/>
        <line num="24" count="2" type="stmt"/>
        <line num="28" count="0" type="stmt"/>
        <line num="29" count="0" type="stmt"/>
        <line num="30" count="0" type="cond" truecount="0" falsecount="2"/>
        <line num="41" count="18" type="stmt"/>
        <line num="42" count="2" type="stmt"/>
        <line num="45" count="18" type="stmt"/>
        <line num="46" count="2" type="stmt"/>
        <line num="49" count="18" type="stmt"/>
        <line num="52" count="28" type="stmt"/>
        <line num="57" count="28" type="stmt"/>
        <line num="62" count="0" type="stmt"/>
        <line num="65" count="28" type="stmt"/>
        <line num="66" count="2" type="stmt"/>
        <line num="75" count="28" type="stmt"/>
        <line num="80" count="0" type="stmt"/>
        <line num="82" count="28" type="cond" truecount="2" falsecount="0"/>
        <line num="86" count="18" type="stmt"/>
        <line num="88" count="28" type="cond" truecount="2" falsecount="0"/>
        <line num="89" count="2" type="stmt"/>
        <line num="94" count="2" type="stmt"/>
        <line num="96" count="28" type="stmt"/>
        <line num="100" count="18" type="stmt"/>
        <line num="106" count="28" type="stmt"/>
        <line num="111" count="18" type="stmt"/>
        <line num="144" count="2" type="stmt"/>
      </file>
    </package>
    <package name="services">
      <metrics statements="22" coveredstatements="22" conditionals="2" coveredconditionals="1" methods="13" coveredmethods="13"/>
      <file name="api.ts" path="E:\Uninorte\Sistemas\10 Sem\Front End\web-fe-react-prj3\src\services\api.ts">
        <metrics statements="4" coveredstatements="4" conditionals="0" coveredconditionals="0" methods="0" coveredmethods="0"/>
        <line num="1" count="3" type="stmt"/>
        <line num="3" count="3" type="stmt"/>
        <line num="5" count="3" type="stmt"/>
        <line num="9" count="3" type="stmt"/>
      </file>
      <file name="clients.services.ts" path="E:\Uninorte\Sistemas\10 Sem\Front End\web-fe-react-prj3\src\services\clients.services.ts">
        <metrics statements="18" coveredstatements="18" conditionals="2" coveredconditionals="1" methods="13" coveredmethods="13"/>
        <line num="1" count="3" type="stmt"/>
        <line num="4" count="3" type="stmt"/>
        <line num="5" count="3" type="stmt"/>
        <line num="6" count="1" type="stmt"/>
        <line num="8" count="1" type="stmt"/>
        <line num="13" count="3" type="stmt"/>
        <line num="14" count="2" type="stmt"/>
        <line num="15" count="1" type="stmt"/>
        <line num="17" count="1" type="stmt"/>
        <line num="22" count="3" type="stmt"/>
        <line num="23" count="2" type="stmt"/>
        <line num="24" count="1" type="stmt"/>
        <line num="26" count="1" type="stmt"/>
        <line num="31" count="3" type="stmt"/>
        <line num="32" count="3" type="stmt"/>
        <line num="34" count="2" type="stmt"/>
        <line num="35" count="2" type="cond" truecount="1" falsecount="1"/>
        <line num="38" count="1" type="stmt"/>
      </file>
    </package>
  </project>
</coverage>
