{"E:\\Uninorte\\Sistemas\\10 Sem\\Front End\\web-fe-react-prj3\\src\\hooks\\useClients.ts": {"path":"E:\\Uninorte\\Sistemas\\10 Sem\\Front End\\web-fe-react-prj3\\src\\hooks\\useClients.ts","statementMap":{"0":{"start":{"line":5,"column":0},"end":{"line":5,"column":16}},"1":{"start":{"line":13,"column":0},"end":{"line":13,"column":16}},"2":{"start":{"line":24,"column":0},"end":{"line":24,"column":16}},"3":{"start":{"line":33,"column":0},"end":{"line":33,"column":16}},"4":{"start":{"line":1,"column":0},"end":{"line":1,"column":78}},"5":{"start":{"line":2,"column":0},"end":{"line":2,"column":114}},"6":{"start":{"line":6,"column":2},"end":{"line":9,"column":5}},"7":{"start":{"line":14,"column":22},"end":{"line":14,"column":38}},"8":{"start":{"line":15,"column":2},"end":{"line":20,"column":5}},"9":{"start":{"line":16,"column":95},"end":{"line":16,"column":138}},"10":{"start":{"line":18,"column":6},"end":{"line":18,"column":69}},"11":{"start":{"line":25,"column":2},"end":{"line":29,"column":5}},"12":{"start":{"line":27,"column":19},"end":{"line":27,"column":38}},"13":{"start":{"line":34,"column":2},"end":{"line":37,"column":5}}},"fnMap":{"0":{"name":"useAllClients","decl":{"start":{"line":5,"column":16},"end":{"line":5,"column":29}},"loc":{"start":{"line":5,"column":29},"end":{"line":10,"column":1}}},"1":{"name":"useToggleClientStatus","decl":{"start":{"line":13,"column":16},"end":{"line":13,"column":37}},"loc":{"start":{"line":13,"column":37},"end":{"line":21,"column":1}}},"2":{"name":"(anonymous_2)","decl":{"start":{"line":16,"column":16},"end":{"line":16,"column":17}},"loc":{"start":{"line":16,"column":95},"end":{"line":16,"column":138}}},"3":{"name":"(anonymous_3)","decl":{"start":{"line":17,"column":15},"end":{"line":17,"column":18}},"loc":{"start":{"line":17,"column":20},"end":{"line":19,"column":5}}},"4":{"name":"useClientData","decl":{"start":{"line":24,"column":16},"end":{"line":24,"column":29}},"loc":{"start":{"line":24,"column":53},"end":{"line":30,"column":1}}},"5":{"name":"(anonymous_5)","decl":{"start":{"line":27,"column":13},"end":{"line":27,"column":16}},"loc":{"start":{"line":27,"column":19},"end":{"line":27,"column":38}}},"6":{"name":"useNextClientId","decl":{"start":{"line":33,"column":16},"end":{"line":33,"column":31}},"loc":{"start":{"line":33,"column":31},"end":{"line":38,"column":1}}}},"branchMap":{},"s":{"0":3,"1":3,"2":3,"3":3,"4":3,"5":3,"6":4,"7":3,"8":3,"9":1,"10":1,"11":2,"12":1,"13":2},"f":{"0":4,"1":3,"2":1,"3":1,"4":2,"5":1,"6":2},"b":{}}
,"E:\\Uninorte\\Sistemas\\10 Sem\\Front End\\web-fe-react-prj3\\src\\pages\\components\\actionButtons.tsx": {"path":"E:\\Uninorte\\Sistemas\\10 Sem\\Front End\\web-fe-react-prj3\\src\\pages\\components\\actionButtons.tsx","statementMap":{"0":{"start":{"line":17,"column":22},"end":{"line":35,"column":1}},"1":{"start":{"line":18,"column":4},"end":{"line":34,"column":6}},"2":{"start":{"line":21,"column":16},"end":{"line":22,"column":null}},"3":{"start":{"line":25,"column":24},"end":{"line":25,"column":44}},"4":{"start":{"line":26,"column":24},"end":{"line":26,"column":58}},"5":{"start":{"line":37,"column":0},"end":{"line":37,"column":29}}},"fnMap":{"0":{"name":"(anonymous_0)","decl":{"start":{"line":17,"column":22},"end":{"line":17,"column":41}},"loc":{"start":{"line":17,"column":95},"end":{"line":35,"column":1}}},"1":{"name":"(anonymous_1)","decl":{"start":{"line":20,"column":25},"end":{"line":20,"column":26}},"loc":{"start":{"line":21,"column":16},"end":{"line":22,"column":null}}},"2":{"name":"(anonymous_2)","decl":{"start":{"line":24,"column":29},"end":{"line":24,"column":30}},"loc":{"start":{"line":24,"column":35},"end":{"line":27,"column":21}}}},"branchMap":{"0":{"loc":{"start":{"line":23,"column":31},"end":{"line":23,"column":63}},"type":"binary-expr","locations":[{"start":{"line":23,"column":31},"end":{"line":23,"column":47}},{"start":{"line":23,"column":51},"end":{"line":23,"column":63}}]},"1":{"loc":{"start":{"line":28,"column":32},"end":{"line":28,"column":111}},"type":"cond-expr","locations":[{"start":{"line":28,"column":72},"end":{"line":28,"column":93}},{"start":{"line":28,"column":96},"end":{"line":28,"column":111}}]},"2":{"loc":{"start":{"line":30,"column":21},"end":{"line":30,"column":91}},"type":"cond-expr","locations":[{"start":{"line":30,"column":58},"end":{"line":30,"column":76}},{"start":{"line":30,"column":79},"end":{"line":30,"column":91}}]}},"s":{"0":3,"1":33,"2":71,"3":5,"4":5,"5":3},"f":{"0":33,"1":71,"2":5},"b":{"0":[71,10],"1":[33,38],"2":[33,38]}}
,"E:\\Uninorte\\Sistemas\\10 Sem\\Front End\\web-fe-react-prj3\\src\\pages\\components\\columnConfig.tsx": {"path":"E:\\Uninorte\\Sistemas\\10 Sem\\Front End\\web-fe-react-prj3\\src\\pages\\components\\columnConfig.tsx","statementMap":{"0":{"start":{"line":14,"column":22},"end":{"line":16,"column":1}},"1":{"start":{"line":15,"column":4},"end":{"line":15,"column":46}},"2":{"start":{"line":18,"column":0},"end":{"line":18,"column":29}}},"fnMap":{"0":{"name":"(anonymous_0)","decl":{"start":{"line":14,"column":22},"end":{"line":14,"column":27}},"loc":{"start":{"line":14,"column":106},"end":{"line":16,"column":1}}}},"branchMap":{"0":{"loc":{"start":{"line":14,"column":42},"end":{"line":14,"column":60}},"type":"default-arg","locations":[{"start":{"line":14,"column":58},"end":{"line":14,"column":60}}]}},"s":{"0":2,"1":14,"2":2},"f":{"0":14},"b":{"0":[0]}}
,"E:\\Uninorte\\Sistemas\\10 Sem\\Front End\\web-fe-react-prj3\\src\\pages\\moduleClients\\main.tsx": {"path":"E:\\Uninorte\\Sistemas\\10 Sem\\Front End\\web-fe-react-prj3\\src\\pages\\moduleClients\\main.tsx","statementMap":{"0":{"start":{"line":2,"column":0},"end":{"line":2,"column":51}},"1":{"start":{"line":3,"column":0},"end":{"line":3,"column":50}},"2":{"start":{"line":4,"column":0},"end":{"line":4,"column":45}},"3":{"start":{"line":5,"column":0},"end":{"line":5,"column":47}},"4":{"start":{"line":7,"column":31},"end":{"line":18,"column":1}},"5":{"start":{"line":8,"column":21},"end":{"line":8,"column":34}},"6":{"start":{"line":9,"column":4},"end":{"line":17,"column":6}},"7":{"start":{"line":13,"column":39},"end":{"line":13,"column":65}},"8":{"start":{"line":20,"column":0},"end":{"line":20,"column":28}}},"fnMap":{"0":{"name":"(anonymous_1)","decl":{"start":{"line":7,"column":31},"end":{"line":7,"column":34}},"loc":{"start":{"line":7,"column":36},"end":{"line":18,"column":1}}},"1":{"name":"(anonymous_2)","decl":{"start":{"line":13,"column":33},"end":{"line":13,"column":36}},"loc":{"start":{"line":13,"column":39},"end":{"line":13,"column":65}}}},"branchMap":{},"s":{"0":1,"1":1,"2":1,"3":1,"4":1,"5":2,"6":2,"7":1,"8":1},"f":{"0":2,"1":1},"b":{}}
,"E:\\Uninorte\\Sistemas\\10 Sem\\Front End\\web-fe-react-prj3\\src\\pages\\moduleClients\\components\\clientTable.tsx": {"path":"E:\\Uninorte\\Sistemas\\10 Sem\\Front End\\web-fe-react-prj3\\src\\pages\\moduleClients\\components\\clientTable.tsx","statementMap":{"0":{"start":{"line":1,"column":0},"end":{"line":1,"column":51}},"1":{"start":{"line":2,"column":0},"end":{"line":2,"column":47}},"2":{"start":{"line":4,"column":0},"end":{"line":4,"column":41}},"3":{"start":{"line":5,"column":0},"end":{"line":5,"column":81}},"4":{"start":{"line":6,"column":0},"end":{"line":6,"column":51}},"5":{"start":{"line":7,"column":0},"end":{"line":7,"column":58}},"6":{"start":{"line":8,"column":0},"end":{"line":8,"column":59}},"7":{"start":{"line":10,"column":30},"end":{"line":142,"column":1}},"8":{"start":{"line":11,"column":65},"end":{"line":11,"column":80}},"9":{"start":{"line":12,"column":31},"end":{"line":12,"column":54}},"10":{"start":{"line":13,"column":21},"end":{"line":13,"column":34}},"11":{"start":{"line":14,"column":34},"end":{"line":14,"column":56}},"12":{"start":{"line":16,"column":4},"end":{"line":20,"column":33}},"13":{"start":{"line":17,"column":8},"end":{"line":19,"column":9}},"14":{"start":{"line":18,"column":12},"end":{"line":18,"column":36}},"15":{"start":{"line":23,"column":25},"end":{"line":38,"column":5}},"16":{"start":{"line":24,"column":8},"end":{"line":37,"column":10}},"17":{"start":{"line":28,"column":20},"end":{"line":34,"column":22}},"18":{"start":{"line":29,"column":24},"end":{"line":32,"column":null}},"19":{"start":{"line":30,"column":28},"end":{"line":32,"column":40}},"20":{"start":{"line":41,"column":30},"end":{"line":43,"column":5}},"21":{"start":{"line":42,"column":8},"end":{"line":42,"column":49}},"22":{"start":{"line":45,"column":28},"end":{"line":47,"column":5}},"23":{"start":{"line":46,"column":8},"end":{"line":46,"column":62}},"24":{"start":{"line":49,"column":24},"end":{"line":84,"column":6}},"25":{"start":{"line":52,"column":39},"end":{"line":52,"column":45}},"26":{"start":{"line":57,"column":39},"end":{"line":57,"column":46}},"27":{"start":{"line":62,"column":39},"end":{"line":62,"column":47}},"28":{"start":{"line":65,"column":16},"end":{"line":69,"column":null}},"29":{"start":{"line":66,"column":35},"end":{"line":66,"column":60}},"30":{"start":{"line":75,"column":39},"end":{"line":75,"column":57}},"31":{"start":{"line":80,"column":39},"end":{"line":80,"column":49}},"32":{"start":{"line":82,"column":35},"end":{"line":82,"column":72}},"33":{"start":{"line":86,"column":26},"end":{"line":98,"column":6}},"34":{"start":{"line":88,"column":40},"end":{"line":88,"column":79}},"35":{"start":{"line":89,"column":41},"end":{"line":89,"column":80}},"36":{"start":{"line":94,"column":41},"end":{"line":94,"column":66}},"37":{"start":{"line":96,"column":42},"end":{"line":96,"column":56}},"38":{"start":{"line":100,"column":26},"end":{"line":109,"column":6}},"39":{"start":{"line":106,"column":16},"end":{"line":106,"column":88}},"40":{"start":{"line":111,"column":4},"end":{"line":141,"column":6}},"41":{"start":{"line":144,"column":0},"end":{"line":144,"column":27}}},"fnMap":{"0":{"name":"(anonymous_1)","decl":{"start":{"line":10,"column":30},"end":{"line":10,"column":33}},"loc":{"start":{"line":10,"column":35},"end":{"line":142,"column":1}}},"1":{"name":"(anonymous_2)","decl":{"start":{"line":16,"column":14},"end":{"line":16,"column":17}},"loc":{"start":{"line":16,"column":19},"end":{"line":20,"column":5}}},"2":{"name":"(anonymous_3)","decl":{"start":{"line":23,"column":25},"end":{"line":23,"column":26}},"loc":{"start":{"line":23,"column":71},"end":{"line":38,"column":5}}},"3":{"name":"(anonymous_4)","decl":{"start":{"line":27,"column":27},"end":{"line":27,"column":30}},"loc":{"start":{"line":27,"column":32},"end":{"line":35,"column":17}}},"4":{"name":"(anonymous_5)","decl":{"start":{"line":28,"column":31},"end":{"line":28,"column":32}},"loc":{"start":{"line":29,"column":24},"end":{"line":32,"column":null}}},"5":{"name":"(anonymous_6)","decl":{"start":{"line":29,"column":40},"end":{"line":29,"column":41}},"loc":{"start":{"line":30,"column":28},"end":{"line":32,"column":40}}},"6":{"name":"(anonymous_7)","decl":{"start":{"line":41,"column":30},"end":{"line":41,"column":31}},"loc":{"start":{"line":41,"column":49},"end":{"line":43,"column":5}}},"7":{"name":"(anonymous_8)","decl":{"start":{"line":45,"column":28},"end":{"line":45,"column":29}},"loc":{"start":{"line":45,"column":51},"end":{"line":47,"column":5}}},"8":{"name":"(anonymous_9)","decl":{"start":{"line":52,"column":22},"end":{"line":52,"column":23}},"loc":{"start":{"line":52,"column":39},"end":{"line":52,"column":45}}},"9":{"name":"(anonymous_10)","decl":{"start":{"line":57,"column":22},"end":{"line":57,"column":23}},"loc":{"start":{"line":57,"column":39},"end":{"line":57,"column":46}}},"10":{"name":"(anonymous_11)","decl":{"start":{"line":62,"column":22},"end":{"line":62,"column":23}},"loc":{"start":{"line":62,"column":39},"end":{"line":62,"column":47}}},"11":{"name":"(anonymous_12)","decl":{"start":{"line":64,"column":18},"end":{"line":64,"column":19}},"loc":{"start":{"line":65,"column":16},"end":{"line":69,"column":null}}},"12":{"name":"(anonymous_13)","decl":{"start":{"line":66,"column":29},"end":{"line":66,"column":32}},"loc":{"start":{"line":66,"column":35},"end":{"line":66,"column":60}}},"13":{"name":"(anonymous_14)","decl":{"start":{"line":75,"column":22},"end":{"line":75,"column":23}},"loc":{"start":{"line":75,"column":39},"end":{"line":75,"column":57}}},"14":{"name":"(anonymous_15)","decl":{"start":{"line":80,"column":22},"end":{"line":80,"column":23}},"loc":{"start":{"line":80,"column":39},"end":{"line":80,"column":49}}},"15":{"name":"(anonymous_16)","decl":{"start":{"line":82,"column":18},"end":{"line":82,"column":19}},"loc":{"start":{"line":82,"column":35},"end":{"line":82,"column":72}}},"16":{"name":"(anonymous_17)","decl":{"start":{"line":88,"column":19},"end":{"line":88,"column":20}},"loc":{"start":{"line":88,"column":40},"end":{"line":88,"column":79}}},"17":{"name":"(anonymous_18)","decl":{"start":{"line":89,"column":21},"end":{"line":89,"column":22}},"loc":{"start":{"line":89,"column":41},"end":{"line":89,"column":80}}},"18":{"name":"(anonymous_19)","decl":{"start":{"line":94,"column":21},"end":{"line":94,"column":22}},"loc":{"start":{"line":94,"column":41},"end":{"line":94,"column":66}}},"19":{"name":"(anonymous_20)","decl":{"start":{"line":96,"column":22},"end":{"line":96,"column":23}},"loc":{"start":{"line":96,"column":42},"end":{"line":96,"column":56}}},"20":{"name":"(anonymous_21)","decl":{"start":{"line":105,"column":18},"end":{"line":105,"column":19}},"loc":{"start":{"line":106,"column":16},"end":{"line":106,"column":88}}}},"branchMap":{"0":{"loc":{"start":{"line":17,"column":8},"end":{"line":19,"column":9}},"type":"if","locations":[{"start":{"line":17,"column":8},"end":{"line":19,"column":9}}]},"1":{"loc":{"start":{"line":17,"column":12},"end":{"line":17,"column":36}},"type":"binary-expr","locations":[{"start":{"line":17,"column":12},"end":{"line":17,"column":21}},{"start":{"line":17,"column":25},"end":{"line":17,"column":36}}]},"2":{"loc":{"start":{"line":30,"column":28},"end":{"line":32,"column":40}},"type":"cond-expr","locations":[{"start":{"line":31,"column":34},"end":{"line":31,"column":71}},{"start":{"line":32,"column":34},"end":{"line":32,"column":40}}]},"3":{"loc":{"start":{"line":82,"column":41},"end":{"line":82,"column":65}},"type":"cond-expr","locations":[{"start":{"line":82,"column":54},"end":{"line":82,"column":58}},{"start":{"line":82,"column":61},"end":{"line":82,"column":65}}]},"4":{"loc":{"start":{"line":88,"column":40},"end":{"line":88,"column":79}},"type":"cond-expr","locations":[{"start":{"line":88,"column":56},"end":{"line":88,"column":67}},{"start":{"line":88,"column":70},"end":{"line":88,"column":79}}]},"5":{"loc":{"start":{"line":113,"column":13},"end":{"line":113,"column":44}},"type":"binary-expr","locations":[{"start":{"line":113,"column":13},"end":{"line":113,"column":22}},{"start":{"line":113,"column":26},"end":{"line":113,"column":44}}]},"6":{"loc":{"start":{"line":114,"column":13},"end":{"line":114,"column":44}},"type":"binary-expr","locations":[{"start":{"line":114,"column":13},"end":{"line":114,"column":20}},{"start":{"line":114,"column":24},"end":{"line":114,"column":44}}]},"7":{"loc":{"start":{"line":115,"column":13},"end":{"line":138,"column":null}},"type":"binary-expr","locations":[{"start":{"line":115,"column":13},"end":{"line":115,"column":23}},{"start":{"line":115,"column":27},"end":{"line":115,"column":35}},{"start":{"line":115,"column":39},"end":{"line":115,"column":48}},{"start":{"line":116,"column":16},"end":{"line":137,"column":null}}]}},"s":{"0":2,"1":2,"2":2,"3":2,"4":2,"5":2,"6":2,"7":2,"8":18,"9":18,"10":18,"11":18,"12":18,"13":11,"14":7,"15":18,"16":2,"17":0,"18":0,"19":0,"20":18,"21":2,"22":18,"23":2,"24":18,"25":28,"26":28,"27":0,"28":28,"29":2,"30":28,"31":0,"32":28,"33":18,"34":28,"35":2,"36":2,"37":28,"38":18,"39":28,"40":18,"41":2},"f":{"0":18,"1":11,"2":2,"3":0,"4":0,"5":0,"6":2,"7":2,"8":28,"9":28,"10":0,"11":28,"12":2,"13":28,"14":0,"15":28,"16":28,"17":2,"18":2,"19":28,"20":28},"b":{"0":[7],"1":[11,7],"2":[0,0],"3":[14,14],"4":[14,14],"5":[18,3],"6":[18,1],"7":[18,15,14,14]}}
,"E:\\Uninorte\\Sistemas\\10 Sem\\Front End\\web-fe-react-prj3\\src\\services\\api.ts": {"path":"E:\\Uninorte\\Sistemas\\10 Sem\\Front End\\web-fe-react-prj3\\src\\services\\api.ts","statementMap":{"0":{"start":{"line":1,"column":0},"end":{"line":1,"column":26}},"1":{"start":{"line":3,"column":13},"end":{"line":3,"column":84}},"2":{"start":{"line":5,"column":19},"end":{"line":7,"column":2}},"3":{"start":{"line":9,"column":0},"end":{"line":9,"column":26}}},"fnMap":{},"branchMap":{},"s":{"0":3,"1":3,"2":3,"3":3},"f":{},"b":{}}
,"E:\\Uninorte\\Sistemas\\10 Sem\\Front End\\web-fe-react-prj3\\src\\services\\clients.services.ts": {"path":"E:\\Uninorte\\Sistemas\\10 Sem\\Front End\\web-fe-react-prj3\\src\\services\\clients.services.ts","statementMap":{"0":{"start":{"line":4,"column":0},"end":{"line":4,"column":16}},"1":{"start":{"line":13,"column":0},"end":{"line":13,"column":16}},"2":{"start":{"line":22,"column":0},"end":{"line":22,"column":16}},"3":{"start":{"line":31,"column":0},"end":{"line":31,"column":16}},"4":{"start":{"line":1,"column":0},"end":{"line":1,"column":31}},"5":{"start":{"line":5,"column":4},"end":{"line":9,"column":11}},"6":{"start":{"line":6,"column":26},"end":{"line":6,"column":39}},"7":{"start":{"line":8,"column":12},"end":{"line":8,"column":24}},"8":{"start":{"line":14,"column":4},"end":{"line":18,"column":11}},"9":{"start":{"line":15,"column":26},"end":{"line":15,"column":39}},"10":{"start":{"line":17,"column":12},"end":{"line":17,"column":24}},"11":{"start":{"line":23,"column":4},"end":{"line":27,"column":11}},"12":{"start":{"line":24,"column":26},"end":{"line":24,"column":39}},"13":{"start":{"line":26,"column":12},"end":{"line":26,"column":24}},"14":{"start":{"line":32,"column":4},"end":{"line":39,"column":11}},"15":{"start":{"line":34,"column":28},"end":{"line":34,"column":41}},"16":{"start":{"line":35,"column":12},"end":{"line":35,"column":114}},"17":{"start":{"line":35,"column":76},"end":{"line":35,"column":105}},"18":{"start":{"line":38,"column":12},"end":{"line":38,"column":24}}},"fnMap":{"0":{"name":"getAllClients","decl":{"start":{"line":4,"column":16},"end":{"line":4,"column":29}},"loc":{"start":{"line":4,"column":29},"end":{"line":10,"column":1}}},"1":{"name":"(anonymous_2)","decl":{"start":{"line":6,"column":14},"end":{"line":6,"column":22}},"loc":{"start":{"line":6,"column":26},"end":{"line":6,"column":39}}},"2":{"name":"(anonymous_3)","decl":{"start":{"line":7,"column":15},"end":{"line":7,"column":20}},"loc":{"start":{"line":7,"column":23},"end":{"line":9,"column":9}}},"3":{"name":"toggleClientStatus","decl":{"start":{"line":13,"column":16},"end":{"line":13,"column":34}},"loc":{"start":{"line":13,"column":70},"end":{"line":19,"column":1}}},"4":{"name":"(anonymous_5)","decl":{"start":{"line":15,"column":14},"end":{"line":15,"column":22}},"loc":{"start":{"line":15,"column":26},"end":{"line":15,"column":39}}},"5":{"name":"(anonymous_6)","decl":{"start":{"line":16,"column":15},"end":{"line":16,"column":20}},"loc":{"start":{"line":16,"column":23},"end":{"line":18,"column":9}}},"6":{"name":"getClientByNit","decl":{"start":{"line":22,"column":16},"end":{"line":22,"column":30}},"loc":{"start":{"line":22,"column":54},"end":{"line":28,"column":1}}},"7":{"name":"(anonymous_8)","decl":{"start":{"line":24,"column":14},"end":{"line":24,"column":22}},"loc":{"start":{"line":24,"column":26},"end":{"line":24,"column":39}}},"8":{"name":"(anonymous_9)","decl":{"start":{"line":25,"column":15},"end":{"line":25,"column":20}},"loc":{"start":{"line":25,"column":23},"end":{"line":27,"column":9}}},"9":{"name":"getNextClientId","decl":{"start":{"line":31,"column":16},"end":{"line":31,"column":31}},"loc":{"start":{"line":31,"column":31},"end":{"line":40,"column":1}}},"10":{"name":"(anonymous_11)","decl":{"start":{"line":33,"column":14},"end":{"line":33,"column":22}},"loc":{"start":{"line":33,"column":25},"end":{"line":36,"column":9}}},"11":{"name":"(anonymous_12)","decl":{"start":{"line":35,"column":34},"end":{"line":35,"column":35}},"loc":{"start":{"line":35,"column":76},"end":{"line":35,"column":105}}},"12":{"name":"(anonymous_13)","decl":{"start":{"line":37,"column":15},"end":{"line":37,"column":20}},"loc":{"start":{"line":37,"column":23},"end":{"line":39,"column":9}}}},"branchMap":{"0":{"loc":{"start":{"line":35,"column":90},"end":{"line":35,"column":104}},"type":"binary-expr","locations":[{"start":{"line":35,"column":90},"end":{"line":35,"column":99}},{"start":{"line":35,"column":103},"end":{"line":35,"column":104}}]}},"s":{"0":3,"1":3,"2":3,"3":3,"4":3,"5":3,"6":1,"7":1,"8":2,"9":1,"10":1,"11":2,"12":1,"13":1,"14":3,"15":2,"16":2,"17":2,"18":1},"f":{"0":3,"1":1,"2":1,"3":2,"4":1,"5":1,"6":2,"7":1,"8":1,"9":3,"10":2,"11":2,"12":1},"b":{"0":[2,0]}}
}
