TN:
SF:src\hooks\useClients.ts
FN:5,useAllClients
FN:13,useToggleClientStatus
FN:16,(anonymous_2)
FN:17,(anonymous_3)
FN:24,useClientData
FN:27,(anonymous_5)
FN:33,useNextClientId
FNF:7
FNH:7
FNDA:4,useAllClients
FNDA:3,useToggleClientStatus
FNDA:1,(anonymous_2)
FNDA:1,(anonymous_3)
FNDA:2,useClientData
FNDA:1,(anonymous_5)
FNDA:2,useNextClientId
DA:1,3
DA:2,3
DA:5,3
DA:6,4
DA:13,3
DA:14,3
DA:15,3
DA:16,1
DA:18,1
DA:24,3
DA:25,2
DA:27,1
DA:33,3
DA:34,2
LF:14
LH:14
BRF:0
BRH:0
end_of_record
TN:
SF:src\pages\components\actionButtons.tsx
FN:17,(anonymous_0)
FN:20,(anonymous_1)
FN:24,(anonymous_2)
FNF:3
FNH:3
FNDA:33,(anonymous_0)
FNDA:71,(anonymous_1)
FNDA:5,(anonymous_2)
DA:17,3
DA:18,33
DA:21,71
DA:25,5
DA:26,5
DA:37,3
LF:6
LH:6
BRDA:23,0,0,71
BRDA:23,0,1,10
BRDA:28,1,0,33
BRDA:28,1,1,38
BRDA:30,2,0,33
BRDA:30,2,1,38
BRF:6
BRH:6
end_of_record
TN:
SF:src\pages\components\columnConfig.tsx
FN:14,(anonymous_0)
FNF:1
FNH:1
FNDA:14,(anonymous_0)
DA:14,2
DA:15,14
DA:18,2
LF:3
LH:3
BRDA:14,0,0,0
BRF:1
BRH:0
end_of_record
TN:
SF:src\pages\moduleClients\main.tsx
FN:7,(anonymous_1)
FN:13,(anonymous_2)
FNF:2
FNH:2
FNDA:2,(anonymous_1)
FNDA:1,(anonymous_2)
DA:2,1
DA:3,1
DA:4,1
DA:5,1
DA:7,1
DA:8,2
DA:9,2
DA:13,1
DA:20,1
LF:9
LH:9
BRF:0
BRH:0
end_of_record
TN:
SF:src\pages\moduleClients\components\clientTable.tsx
FN:10,(anonymous_1)
FN:16,(anonymous_2)
FN:23,(anonymous_3)
FN:27,(anonymous_4)
FN:28,(anonymous_5)
FN:29,(anonymous_6)
FN:41,(anonymous_7)
FN:45,(anonymous_8)
FN:52,(anonymous_9)
FN:57,(anonymous_10)
FN:62,(anonymous_11)
FN:64,(anonymous_12)
FN:66,(anonymous_13)
FN:75,(anonymous_14)
FN:80,(anonymous_15)
FN:82,(anonymous_16)
FN:88,(anonymous_17)
FN:89,(anonymous_18)
FN:94,(anonymous_19)
FN:96,(anonymous_20)
FN:105,(anonymous_21)
FNF:21
FNH:16
FNDA:18,(anonymous_1)
FNDA:11,(anonymous_2)
FNDA:2,(anonymous_3)
FNDA:0,(anonymous_4)
FNDA:0,(anonymous_5)
FNDA:0,(anonymous_6)
FNDA:2,(anonymous_7)
FNDA:2,(anonymous_8)
FNDA:28,(anonymous_9)
FNDA:28,(anonymous_10)
FNDA:0,(anonymous_11)
FNDA:28,(anonymous_12)
FNDA:2,(anonymous_13)
FNDA:28,(anonymous_14)
FNDA:0,(anonymous_15)
FNDA:28,(anonymous_16)
FNDA:28,(anonymous_17)
FNDA:2,(anonymous_18)
FNDA:2,(anonymous_19)
FNDA:28,(anonymous_20)
FNDA:28,(anonymous_21)
DA:1,2
DA:2,2
DA:4,2
DA:5,2
DA:6,2
DA:7,2
DA:8,2
DA:10,2
DA:11,18
DA:12,18
DA:13,18
DA:14,18
DA:16,18
DA:17,11
DA:18,7
DA:23,18
DA:24,2
DA:28,0
DA:29,0
DA:30,0
DA:41,18
DA:42,2
DA:45,18
DA:46,2
DA:49,18
DA:52,28
DA:57,28
DA:62,0
DA:65,28
DA:66,2
DA:75,28
DA:80,0
DA:82,28
DA:86,18
DA:88,28
DA:89,2
DA:94,2
DA:96,28
DA:100,18
DA:106,28
DA:111,18
DA:144,2
LF:42
LH:37
BRDA:17,0,0,7
BRDA:17,1,0,11
BRDA:17,1,1,7
BRDA:30,2,0,0
BRDA:30,2,1,0
BRDA:82,3,0,14
BRDA:82,3,1,14
BRDA:88,4,0,14
BRDA:88,4,1,14
BRDA:113,5,0,18
BRDA:113,5,1,3
BRDA:114,6,0,18
BRDA:114,6,1,1
BRDA:115,7,0,18
BRDA:115,7,1,15
BRDA:115,7,2,14
BRDA:115,7,3,14
BRF:17
BRH:15
end_of_record
TN:
SF:src\services\api.ts
FNF:0
FNH:0
DA:1,3
DA:3,3
DA:5,3
DA:9,3
LF:4
LH:4
BRF:0
BRH:0
end_of_record
TN:
SF:src\services\clients.services.ts
FN:4,getAllClients
FN:6,(anonymous_2)
FN:7,(anonymous_3)
FN:13,toggleClientStatus
FN:15,(anonymous_5)
FN:16,(anonymous_6)
FN:22,getClientByNit
FN:24,(anonymous_8)
FN:25,(anonymous_9)
FN:31,getNextClientId
FN:33,(anonymous_11)
FN:35,(anonymous_12)
FN:37,(anonymous_13)
FNF:13
FNH:13
FNDA:3,getAllClients
FNDA:1,(anonymous_2)
FNDA:1,(anonymous_3)
FNDA:2,toggleClientStatus
FNDA:1,(anonymous_5)
FNDA:1,(anonymous_6)
FNDA:2,getClientByNit
FNDA:1,(anonymous_8)
FNDA:1,(anonymous_9)
FNDA:3,getNextClientId
FNDA:2,(anonymous_11)
FNDA:2,(anonymous_12)
FNDA:1,(anonymous_13)
DA:1,3
DA:4,3
DA:5,3
DA:6,1
DA:8,1
DA:13,3
DA:14,2
DA:15,1
DA:17,1
DA:22,3
DA:23,2
DA:24,1
DA:26,1
DA:31,3
DA:32,3
DA:34,2
DA:35,2
DA:38,1
LF:18
LH:18
BRDA:35,0,0,2
BRDA:35,0,1,0
BRF:2
BRH:1
end_of_record
